2022-10-15 06:13:46.059  INFO 9024 --- [restartedMain] c.b.s.SellerBookDetailsApplication       : Starting SellerBookDetailsApplication using Java 11.0.16 on hp-HP-ProBook-440-G5 with PID 9024 (/home/hp/IdeaProjects/SellerBookDetails/target/classes started by hp in /home/hp/IdeaProjects/SellerBookDetails)
2022-10-15 06:13:46.066  INFO 9024 --- [restartedMain] c.b.s.SellerBookDetailsApplication       : The following 1 profile is active: "dev"
2022-10-15 06:13:46.131  INFO 9024 --- [restartedMain] .e.DevToolsPropertyDefaultsPostProcessor : Devtools property defaults active! Set 'spring.devtools.add-properties' to 'false' to disable
2022-10-15 06:13:46.131  INFO 9024 --- [restartedMain] .e.DevToolsPropertyDefaultsPostProcessor : For additional web related logging consider setting the 'logging.level.web' property to 'DEBUG'
2022-10-15 06:13:46.893  INFO 9024 --- [restartedMain] .s.d.r.c.RepositoryConfigurationDelegate : Bootstrapping Spring Data JPA repositories in DEFAULT mode.
2022-10-15 06:13:46.946  INFO 9024 --- [restartedMain] .s.d.r.c.RepositoryConfigurationDelegate : Finished Spring Data repository scanning in 45 ms. Found 1 JPA repository interfaces.
2022-10-15 06:13:47.200  INFO 9024 --- [restartedMain] o.s.cloud.context.scope.GenericScope     : BeanFactory id=55b8e672-387a-30a9-b2aa-ae1f84ef5935
2022-10-15 06:13:47.806  INFO 9024 --- [restartedMain] o.s.b.w.embedded.tomcat.TomcatWebServer  : Tomcat initialized with port(s): 7071 (http)
2022-10-15 06:13:47.813  INFO 9024 --- [restartedMain] o.apache.catalina.core.StandardService   : Starting service [Tomcat]
2022-10-15 06:13:47.813  INFO 9024 --- [restartedMain] org.apache.catalina.core.StandardEngine  : Starting Servlet engine: [Apache Tomcat/9.0.65]
2022-10-15 06:13:47.885  INFO 9024 --- [restartedMain] o.a.c.c.C.[Tomcat].[localhost].[/]       : Initializing Spring embedded WebApplicationContext
2022-10-15 06:13:47.886  INFO 9024 --- [restartedMain] w.s.c.ServletWebServerApplicationContext : Root WebApplicationContext: initialization completed in 1754 ms
2022-10-15 06:13:47.995  INFO 9024 --- [restartedMain] o.hibernate.jpa.internal.util.LogHelper  : HHH000204: Processing PersistenceUnitInfo [name: default]
2022-10-15 06:13:48.036  INFO 9024 --- [restartedMain] org.hibernate.Version                    : HHH000412: Hibernate ORM core version 5.6.11.Final
2022-10-15 06:13:48.149  INFO 9024 --- [restartedMain] o.hibernate.annotations.common.Version   : HCANN000001: Hibernate Commons Annotations {5.1.2.Final}
2022-10-15 06:13:48.221  INFO 9024 --- [restartedMain] com.zaxxer.hikari.HikariDataSource       : HikariPool-1 - Starting...
2022-10-15 06:13:48.461  INFO 9024 --- [restartedMain] com.zaxxer.hikari.HikariDataSource       : HikariPool-1 - Start completed.
2022-10-15 06:13:48.474  INFO 9024 --- [restartedMain] org.hibernate.dialect.Dialect            : HHH000400: Using dialect: org.hibernate.dialect.MySQL8Dialect
2022-10-15 06:13:49.004  INFO 9024 --- [restartedMain] o.h.e.t.j.p.i.JtaPlatformInitiator       : HHH000490: Using JtaPlatform implementation: [org.hibernate.engine.transaction.jta.platform.internal.NoJtaPlatform]
2022-10-15 06:13:49.011  INFO 9024 --- [restartedMain] j.LocalContainerEntityManagerFactoryBean : Initialized JPA EntityManagerFactory for persistence unit 'default'
2022-10-15 06:13:49.356  WARN 9024 --- [restartedMain] JpaBaseConfiguration$JpaWebConfiguration : spring.jpa.open-in-view is enabled by default. Therefore, database queries may be performed during view rendering. Explicitly configure spring.jpa.open-in-view to disable this warning
2022-10-15 06:13:49.595  WARN 9024 --- [restartedMain] ion$DefaultTemplateResolverConfiguration : Cannot find template location: classpath:/templates/ (please add some templates, check your Thymeleaf configuration, or set spring.thymeleaf.check-template-location=false)
2022-10-15 06:13:49.731  WARN 9024 --- [restartedMain] o.s.b.d.a.OptionalLiveReloadServer       : Unable to start LiveReload server
2022-10-15 06:13:49.820  INFO 9024 --- [restartedMain] DiscoveryClientOptionalArgsConfiguration : Eureka HTTP Client uses RestTemplate.
2022-10-15 06:13:49.948  WARN 9024 --- [restartedMain] iguration$LoadBalancerCaffeineWarnLogger : Spring Cloud LoadBalancer is currently working with the default cache. While this cache implementation is useful for development and tests, it's recommended to use Caffeine cache in production.You can switch to using Caffeine cache, by adding it and org.springframework.cache.caffeine.CaffeineCacheManager to the classpath.
2022-10-15 06:13:50.014  INFO 9024 --- [restartedMain] o.s.c.n.eureka.InstanceInfoFactory       : Setting initial instance status as: STARTING
2022-10-15 06:13:50.055  INFO 9024 --- [restartedMain] com.netflix.discovery.DiscoveryClient    : Initializing Eureka in region us-east-1
2022-10-15 06:13:50.061  INFO 9024 --- [restartedMain] c.n.d.s.r.aws.ConfigClusterResolver      : Resolving eureka endpoints via configuration
2022-10-15 06:13:50.087  INFO 9024 --- [restartedMain] com.netflix.discovery.DiscoveryClient    : Disable delta property : false
2022-10-15 06:13:50.088  INFO 9024 --- [restartedMain] com.netflix.discovery.DiscoveryClient    : Single vip registry refresh property : null
2022-10-15 06:13:50.088  INFO 9024 --- [restartedMain] com.netflix.discovery.DiscoveryClient    : Force full registry fetch : false
2022-10-15 06:13:50.088  INFO 9024 --- [restartedMain] com.netflix.discovery.DiscoveryClient    : Application is null : false
2022-10-15 06:13:50.089  INFO 9024 --- [restartedMain] com.netflix.discovery.DiscoveryClient    : Registered Applications size is zero : true
2022-10-15 06:13:50.089  INFO 9024 --- [restartedMain] com.netflix.discovery.DiscoveryClient    : Application version is -1: true
2022-10-15 06:13:50.089  INFO 9024 --- [restartedMain] com.netflix.discovery.DiscoveryClient    : Getting all instance registry info from the eureka server
2022-10-15 06:13:50.379  INFO 9024 --- [restartedMain] com.netflix.discovery.DiscoveryClient    : The response status is 200
2022-10-15 06:13:50.383  INFO 9024 --- [restartedMain] com.netflix.discovery.DiscoveryClient    : Starting heartbeat executor: renew interval is: 30
2022-10-15 06:13:50.386  INFO 9024 --- [restartedMain] c.n.discovery.InstanceInfoReplicator     : InstanceInfoReplicator onDemand update allowed rate per min is 4
2022-10-15 06:13:50.391  INFO 9024 --- [restartedMain] com.netflix.discovery.DiscoveryClient    : Discovery Client initialized at timestamp 1665794630391 with initial instances count: 1
2022-10-15 06:13:50.394  INFO 9024 --- [restartedMain] o.s.c.n.e.s.EurekaServiceRegistry        : Registering application BOOKSTOREAPP_SELLERBOOKS with eureka with status UP
2022-10-15 06:13:50.395  INFO 9024 --- [restartedMain] com.netflix.discovery.DiscoveryClient    : Saw local status change event StatusChangeEvent [timestamp=1665794630395, current=UP, previous=STARTING]
2022-10-15 06:13:50.397  INFO 9024 --- [DiscoveryClient-InstanceInfoReplicator-0] com.netflix.discovery.DiscoveryClient    : DiscoveryClient_BOOKSTOREAPP_SELLERBOOKS/192.168.1.12:BookStoreApp_SellerBooks:7071: registering service...
2022-10-15 06:13:50.416  INFO 9024 --- [restartedMain] o.s.b.w.embedded.tomcat.TomcatWebServer  : Tomcat started on port(s): 7071 (http) with context path ''
2022-10-15 06:13:50.418  INFO 9024 --- [restartedMain] .s.c.n.e.s.EurekaAutoServiceRegistration : Updating port to 7071
2022-10-15 06:13:50.447  INFO 9024 --- [DiscoveryClient-InstanceInfoReplicator-0] com.netflix.discovery.DiscoveryClient    : DiscoveryClient_BOOKSTOREAPP_SELLERBOOKS/192.168.1.12:BookStoreApp_SellerBooks:7071 - registration status: 204
2022-10-15 06:13:50.458  INFO 9024 --- [restartedMain] c.b.s.SellerBookDetailsApplication       : Started SellerBookDetailsApplication in 5.074 seconds (JVM running for 6.072)
2022-10-15 06:13:50.462  INFO 9024 --- [restartedMain] c.b.s.SellerBookDetailsApplication       : 
Hello! Welcome to Book Store Seller Project!
2022-10-15 06:18:50.092  INFO 9024 --- [AsyncResolver-bootstrap-executor-0] c.n.d.s.r.aws.ConfigClusterResolver      : Resolving eureka endpoints via configuration
2022-10-15 06:23:50.093  INFO 9024 --- [AsyncResolver-bootstrap-executor-0] c.n.d.s.r.aws.ConfigClusterResolver      : Resolving eureka endpoints via configuration
2022-10-15 06:25:55.525  INFO 9024 --- [http-nio-7071-exec-1] o.a.c.c.C.[Tomcat].[localhost].[/]       : Initializing Spring DispatcherServlet 'dispatcherServlet'
2022-10-15 06:25:55.526  INFO 9024 --- [http-nio-7071-exec-1] o.s.web.servlet.DispatcherServlet        : Initializing Servlet 'dispatcherServlet'
2022-10-15 06:25:55.527  INFO 9024 --- [http-nio-7071-exec-1] o.s.web.servlet.DispatcherServlet        : Completed initialization in 1 ms
2022-10-15 06:28:50.095  INFO 9024 --- [AsyncResolver-bootstrap-executor-0] c.n.d.s.r.aws.ConfigClusterResolver      : Resolving eureka endpoints via configuration
2022-10-15 06:33:50.096  INFO 9024 --- [AsyncResolver-bootstrap-executor-0] c.n.d.s.r.aws.ConfigClusterResolver      : Resolving eureka endpoints via configuration
2022-10-15 06:38:50.098  INFO 9024 --- [AsyncResolver-bootstrap-executor-0] c.n.d.s.r.aws.ConfigClusterResolver      : Resolving eureka endpoints via configuration
2022-10-15 06:43:50.099  INFO 9024 --- [AsyncResolver-bootstrap-executor-0] c.n.d.s.r.aws.ConfigClusterResolver      : Resolving eureka endpoints via configuration
2022-10-15 06:48:50.100  INFO 9024 --- [AsyncResolver-bootstrap-executor-0] c.n.d.s.r.aws.ConfigClusterResolver      : Resolving eureka endpoints via configuration
2022-10-15 06:53:50.101  INFO 9024 --- [AsyncResolver-bootstrap-executor-0] c.n.d.s.r.aws.ConfigClusterResolver      : Resolving eureka endpoints via configuration
2022-10-15 06:58:50.102  INFO 9024 --- [AsyncResolver-bootstrap-executor-0] c.n.d.s.r.aws.ConfigClusterResolver      : Resolving eureka endpoints via configuration
2022-10-15 07:03:50.104  INFO 9024 --- [AsyncResolver-bootstrap-executor-0] c.n.d.s.r.aws.ConfigClusterResolver      : Resolving eureka endpoints via configuration
2022-10-15 07:08:50.106  INFO 9024 --- [AsyncResolver-bootstrap-executor-0] c.n.d.s.r.aws.ConfigClusterResolver      : Resolving eureka endpoints via configuration
2022-10-15 07:13:50.107  INFO 9024 --- [AsyncResolver-bootstrap-executor-0] c.n.d.s.r.aws.ConfigClusterResolver      : Resolving eureka endpoints via configuration
2022-10-15 07:18:50.108  INFO 9024 --- [AsyncResolver-bootstrap-executor-0] c.n.d.s.r.aws.ConfigClusterResolver      : Resolving eureka endpoints via configuration
2022-10-15 07:23:50.109  INFO 9024 --- [AsyncResolver-bootstrap-executor-0] c.n.d.s.r.aws.ConfigClusterResolver      : Resolving eureka endpoints via configuration
2022-10-15 07:28:50.111  INFO 9024 --- [AsyncResolver-bootstrap-executor-0] c.n.d.s.r.aws.ConfigClusterResolver      : Resolving eureka endpoints via configuration
2022-10-15 07:33:50.112  INFO 9024 --- [AsyncResolver-bootstrap-executor-0] c.n.d.s.r.aws.ConfigClusterResolver      : Resolving eureka endpoints via configuration
2022-10-15 07:38:50.114  INFO 9024 --- [AsyncResolver-bootstrap-executor-0] c.n.d.s.r.aws.ConfigClusterResolver      : Resolving eureka endpoints via configuration
2022-10-15 07:43:50.115  INFO 9024 --- [AsyncResolver-bootstrap-executor-0] c.n.d.s.r.aws.ConfigClusterResolver      : Resolving eureka endpoints via configuration
2022-10-15 07:48:50.117  INFO 9024 --- [AsyncResolver-bootstrap-executor-0] c.n.d.s.r.aws.ConfigClusterResolver      : Resolving eureka endpoints via configuration
2022-10-15 07:53:50.117  INFO 9024 --- [AsyncResolver-bootstrap-executor-0] c.n.d.s.r.aws.ConfigClusterResolver      : Resolving eureka endpoints via configuration
2022-10-15 07:58:50.118  INFO 9024 --- [AsyncResolver-bootstrap-executor-0] c.n.d.s.r.aws.ConfigClusterResolver      : Resolving eureka endpoints via configuration
2022-10-15 08:03:50.120  INFO 9024 --- [AsyncResolver-bootstrap-executor-0] c.n.d.s.r.aws.ConfigClusterResolver      : Resolving eureka endpoints via configuration
2022-10-15 08:08:50.122  INFO 9024 --- [AsyncResolver-bootstrap-executor-0] c.n.d.s.r.aws.ConfigClusterResolver      : Resolving eureka endpoints via configuration
2022-10-15 08:13:50.123  INFO 9024 --- [AsyncResolver-bootstrap-executor-0] c.n.d.s.r.aws.ConfigClusterResolver      : Resolving eureka endpoints via configuration
2022-10-15 08:18:50.125  INFO 9024 --- [AsyncResolver-bootstrap-executor-0] c.n.d.s.r.aws.ConfigClusterResolver      : Resolving eureka endpoints via configuration
2022-10-15 08:23:50.126  INFO 9024 --- [AsyncResolver-bootstrap-executor-0] c.n.d.s.r.aws.ConfigClusterResolver      : Resolving eureka endpoints via configuration
2022-10-15 08:28:50.128  INFO 9024 --- [AsyncResolver-bootstrap-executor-0] c.n.d.s.r.aws.ConfigClusterResolver      : Resolving eureka endpoints via configuration
